#
# There is insufficient memory for the Java Runtime Environment to continue.
# Native memory allocation (malloc) failed to allocate 60496 bytes for Chunk::new
# Possible reasons:
#   The system is out of physical RAM or swap space
#   In 32 bit mode, the process size limit was hit
# Possible solutions:
#   Reduce memory load on the system
#   Increase physical memory or swap space
#   Check if swap backing store is full
#   Use 64 bit Java on a 64 bit OS
#   Decrease Java heap size (-Xmx/-Xms)
#   Decrease number of Java threads
#   Decrease Java thread stack sizes (-Xss)
#   Set larger code cache with -XX:ReservedCodeCacheSize=
# This output file may be truncated or incomplete.
#
#  Out of Memory Error (allocation.cpp:390), pid=52512, tid=0x000000000000eb40
#
# JRE version: OpenJDK Runtime Environment (8.0_76-b03) (build 1.8.0_76-release-b03)
# Java VM: OpenJDK 64-Bit Server VM (25.76-b03 mixed mode windows-amd64 compressed oops)
# Failed to write core dump. Minidumps are not enabled by default on client versions of Windows
#

---------------  T H R E A D  ---------------

Current thread (0x0000000014d58800):  JavaThread "C2 CompilerThread1" daemon [_thread_in_native, id=60224, stack(0x0000000016540000,0x0000000016640000)]

Stack: [0x0000000016540000,0x0000000016640000]
[error occurred during error reporting (printing stack bounds), id 0xc0000005]

Native frames: (J=compiled Java code, j=interpreted, Vv=VM code, C=native code)


Current CompileTask:
C2:   2221 1202       4       java.util.HashMap::putVal (300 bytes)


---------------  P R O C E S S  ---------------

Java Threads: ( => current thread )
  0x00000000168e4000 JavaThread "pool-1-thread-1" [_thread_in_Java, id=60064, stack(0x0000000016d40000,0x0000000016e40000)]
  0x0000000016644800 JavaThread "Service Thread" daemon [_thread_blocked, id=58476, stack(0x0000000016b40000,0x0000000016c40000)]
  0x0000000016640800 JavaThread "C1 CompilerThread2" daemon [_thread_blocked, id=59880, stack(0x0000000016a40000,0x0000000016b40000)]
=>0x0000000014d58800 JavaThread "C2 CompilerThread1" daemon [_thread_in_native, id=60224, stack(0x0000000016540000,0x0000000016640000)]
  0x0000000014d08800 JavaThread "C2 CompilerThread0" daemon [_thread_in_native, id=59772, stack(0x0000000016440000,0x0000000016540000)]
  0x0000000014d07800 JavaThread "Attach Listener" daemon [_thread_blocked, id=12704, stack(0x0000000016340000,0x0000000016440000)]
  0x0000000014d04800 JavaThread "Signal Dispatcher" daemon [_thread_blocked, id=60076, stack(0x0000000016240000,0x0000000016340000)]
  0x000000000262b800 JavaThread "Finalizer" daemon [_thread_blocked, id=49992, stack(0x0000000015f50000,0x0000000016050000)]
  0x0000000002620800 JavaThread "Reference Handler" daemon [_thread_blocked, id=59852, stack(0x0000000015e50000,0x0000000015f50000)]
  0x00000000023fd800 JavaThread "main" [_thread_blocked, id=59652, stack(0x0000000002400000,0x0000000002500000)]

Other Threads:
  0x0000000014cc5800 VMThread [stack: 0x0000000015d50000,0x0000000015e50000] [id=55208]
  0x0000000016646800 WatcherThread [stack: 0x0000000016c40000,0x0000000016d40000] [id=60240]

VM state:not at safepoint (normal execution)

VM Mutex/Monitor currently owned by a thread: None

Heap:
 PSYoungGen      total 76288K, used 35408K [0x00000000eab00000, 0x00000000f0000000, 0x0000000100000000)
  eden space 65536K, 54% used [0x00000000eab00000,0x00000000ecd94230,0x00000000eeb00000)
  from space 10752K, 0% used [0x00000000ef580000,0x00000000ef580000,0x00000000f0000000)
  to   space 10752K, 0% used [0x00000000eeb00000,0x00000000eeb00000,0x00000000ef580000)
 ParOldGen       total 175104K, used 0K [0x00000000c0000000, 0x00000000cab00000, 0x00000000eab00000)
  object space 175104K, 0% used [0x00000000c0000000,0x00000000c0000000,0x00000000cab00000)
 Metaspace       used 5792K, capacity 6896K, committed 7040K, reserved 1056768K
  class space    used 571K, capacity 616K, committed 640K, reserved 1048576K

Card table byte_map: [0x00000000119f0000,0x0000000011c00000] byte_map_base: 0x00000000113f0000

Marking Bits: (ParMarkBitMap*) 0x0000000067c89d00
 Begin Bits: [0x0000000012160000, 0x0000000013160000)
 End Bits:   [0x0000000013160000, 0x0000000014160000)

Polling page: 0x0000000000dd0000

CodeCache: size=245760Kb used=4860Kb max_used=4860Kb free=240900Kb
 bounds [0x0000000002630000, 0x0000000002b00000, 0x0000000011630000]
 total_blobs=1475 nmethods=1207 adapters=182
 compilation: enabled

Compilation events (10 events):
Event: 2.216 Thread 0x0000000014d58800 1202       4       java.util.HashMap::putVal (300 bytes)
Event: 2.216 Thread 0x0000000014d08800 1204       4       java.util.HashSet::add (20 bytes)
Event: 2.216 Thread 0x0000000016640800 nmethod 1201 0x0000000002aeec50 code [0x0000000002aeeee0, 0x0000000002af0218]
Event: 2.216 Thread 0x0000000016640800 1203   !   3       com.android.dx.rop.cst.CstType::intern (48 bytes)
Event: 2.217 Thread 0x0000000016640800 nmethod 1203 0x0000000002aed750 code [0x0000000002aed960, 0x0000000002aee588]
Event: 2.220 Thread 0x0000000016640800 1205       3       com.android.dx.rop.type.Prototype::compareTo (120 bytes)
Event: 2.220 Thread 0x0000000016640800 nmethod 1205 0x0000000002af0dd0 code [0x0000000002af0fe0, 0x0000000002af1e78]
Event: 2.220 Thread 0x0000000016640800 1208       1       java.util.HashMap::afterNodeAccess (1 bytes)
Event: 2.220 Thread 0x0000000016640800 nmethod 1208 0x0000000002ae6ed0 code [0x0000000002ae7020, 0x0000000002ae7130]
Event: 2.220 Thread 0x0000000016640800 1207       3       com.android.dx.dex.file.DexFile::internIfAppropriate (128 bytes)

GC Heap History (0 events):
No events

Deoptimization events (10 events):
Event: 2.120 Thread 0x00000000168e4000 Uncommon trap: reason=unstable_if action=reinterpret pc=0x0000000002a93c6c method=com.android.dx.ssa.SCCP.simulateStmt(Lcom/android/dx/ssa/SsaInsn;)V @ 53
Event: 2.208 Thread 0x00000000168e4000 Uncommon trap: reason=class_check action=maybe_recompile pc=0x0000000002ad7188 method=java.util.Arrays.hashCode([Ljava/lang/Object;)I @ 43
Event: 2.208 Thread 0x00000000168e4000 Uncommon trap: reason=class_check action=maybe_recompile pc=0x0000000002ad7188 method=java.util.Arrays.hashCode([Ljava/lang/Object;)I @ 43
Event: 2.209 Thread 0x00000000168e4000 Uncommon trap: reason=class_check action=maybe_recompile pc=0x0000000002ad7188 method=java.util.Arrays.hashCode([Ljava/lang/Object;)I @ 43
Event: 2.209 Thread 0x00000000168e4000 Uncommon trap: reason=class_check action=maybe_recompile pc=0x0000000002ad7188 method=java.util.Arrays.hashCode([Ljava/lang/Object;)I @ 43
Event: 2.209 Thread 0x00000000168e4000 Uncommon trap: reason=class_check action=maybe_recompile pc=0x0000000002ae0334 method=java.util.Arrays.hashCode([Ljava/lang/Object;)I @ 43
Event: 2.215 Thread 0x00000000168e4000 Uncommon trap: reason=class_check action=maybe_recompile pc=0x00000000029fda90 method=java.util.HashMap.putVal(ILjava/lang/Object;Ljava/lang/Object;ZZ)Ljava/lang/Object; @ 203
Event: 2.215 Thread 0x00000000168e4000 Uncommon trap: reason=class_check action=maybe_recompile pc=0x00000000029fda90 method=java.util.HashMap.putVal(ILjava/lang/Object;Ljava/lang/Object;ZZ)Ljava/lang/Object; @ 203
Event: 2.215 Thread 0x00000000168e4000 Uncommon trap: reason=class_check action=maybe_recompile pc=0x00000000029fda90 method=java.util.HashMap.putVal(ILjava/lang/Object;Ljava/lang/Object;ZZ)Ljava/lang/Object; @ 203
Event: 2.215 Thread 0x00000000168e4000 Uncommon trap: reason=class_check action=maybe_recompile pc=0x00000000029fda90 method=java.util.HashMap.putVal(ILjava/lang/Object;Ljava/lang/Object;ZZ)Ljava/lang/Object; @ 203

Internal exceptions (3 events):
Event: 0.036 Thread 0x00000000023fd800 Exception <a 'java/lang/NoSuchMethodError': Method sun.misc.Unsafe.defineClass(Ljava/lang/String;[BII)Ljava/lang/Class; name or signature does not match> (0x00000000eab07cc0) thrown at [C:\src\android\AOSP-openjdk\external\jetbrains\jdk\hotspot\src\share\vƒQˇÓ·u¢?
Event: 0.036 Thread 0x00000000023fd800 Exception <a 'java/lang/NoSuchMethodError': Method sun.misc.Unsafe.prefetchRead(Ljava/lang/Object;J)V name or signature does not match> (0x00000000eab07fa8) thrown at [C:\src\android\AOSP-openjdk\external\jetbrains\jdk\hotspot\src\share\vm\prims\jni.cpp, l’†£è¬˘?
Event: 1.610 Thread 0x00000000168e4000 Implicit null exception at 0x00000000029c0962 to 0x00000000029c0a5a

Events (10 events):
Event: 2.215 Thread 0x00000000168e4000 DEOPT PACKING pc=0x00000000029fda90 sp=0x0000000016e3ef10
Event: 2.215 Thread 0x00000000168e4000 DEOPT UNPACKING pc=0x000000000267556a sp=0x0000000016e3ee98 mode 2
Event: 2.215 Thread 0x00000000168e4000 Uncommon trap: trap_request=0xffffffde fr.pc=0x00000000029fda90
Event: 2.215 Thread 0x00000000168e4000 DEOPT PACKING pc=0x00000000029fda90 sp=0x0000000016e3ef10
Event: 2.215 Thread 0x00000000168e4000 DEOPT UNPACKING pc=0x000000000267556a sp=0x0000000016e3ee98 mode 2
Event: 2.215 Thread 0x00000000168e4000 Uncommon trap: trap_request=0xffffffde fr.pc=0x00000000029fda90
Event: 2.215 Thread 0x00000000168e4000 DEOPT PACKING pc=0x00000000029fda90 sp=0x0000000016e3ef10
Event: 2.215 Thread 0x00000000168e4000 DEOPT UNPACKING pc=0x000000000267556a sp=0x0000000016e3ee98 mode 2
Event: 2.215 loading class com/android/dx/dex/file/CatchStructs
Event: 2.215 loading class com/android/dx/dex/file/CatchStructs done


Dynamic libraries:
0x00007ff7cc380000 - 0x00007ff7cc3b1000 	C:\Program Files\Android\Android Studio\jre\bin\java.exe
0x00007ffe9dbd0000 - 0x00007ffe9dd7d000 	C:\Windows\SYSTEM32\ntdll.dll
0x00007ffe9b8e0000 - 0x00007ffe9ba1e000 	C:\Windows\system32\KERNEL32.DLL
0x00007ffe9b080000 - 0x00007ffe9b195000 	C:\Windows\system32\KERNELBASE.dll
0x00007ffe9b670000 - 0x00007ffe9b71a000 	C:\Windows\system32\ADVAPI32.dll
0x00007ffe9bcf0000 - 0x00007ffe9be67000 	C:\Windows\system32\USER32.dll
0x00007ffe98df0000 - 0x00007ffe9906a000 	C:\Windows\WinSxS\amd64_microsoft.windows.common-controls_6595b64144ccf1df_6.0.9600.17810_none_6240b9c7ecbd0bda\COMCTL32.dll
0x00007ffe9c2c0000 - 0x00007ffe9c36a000 	C:\Windows\system32\msvcrt.dll
0x00007ffe9c370000 - 0x00007ffe9c3c9000 	C:\Windows\SYSTEM32\sechost.dll
0x00007ffe9da90000 - 0x00007ffe9dbd0000 	C:\Windows\system32\RPCRT4.dll
0x00007ffe9b720000 - 0x00007ffe9b86f000 	C:\Windows\system32\GDI32.dll
0x00007ffe9b050000 - 0x00007ffe9b07e000 	C:\Windows\system32\SspiCli.dll
0x00007ffe9c3d0000 - 0x00007ffe9c406000 	C:\Windows\system32\IMM32.DLL
0x00007ffe9c090000 - 0x00007ffe9c1e2000 	C:\Windows\system32\MSCTF.dll
0x00000000673f0000 - 0x00000000674c2000 	C:\Program Files\Android\Android Studio\jre\jre\bin\msvcr100.dll
0x00000000674d0000 - 0x0000000067d04000 	C:\Program Files\Android\Android Studio\jre\jre\bin\server\jvm.dll
0x00007ffe920d0000 - 0x00007ffe920d9000 	C:\Windows\SYSTEM32\WSOCK32.dll
0x00007ffe97fe0000 - 0x00007ffe98002000 	C:\Windows\SYSTEM32\WINMM.dll
0x00007ffe98070000 - 0x00007ffe9807a000 	C:\Windows\SYSTEM32\VERSION.dll
0x00007ffe9da70000 - 0x00007ffe9da77000 	C:\Windows\system32\PSAPI.DLL
0x00007ffe9b880000 - 0x00007ffe9b8da000 	C:\Windows\system32\WS2_32.dll
0x00007ffe97fb0000 - 0x00007ffe97fda000 	C:\Windows\SYSTEM32\WINMMBASE.dll
0x00007ffe9b870000 - 0x00007ffe9b879000 	C:\Windows\system32\NSI.dll
0x00007ffe9b1a0000 - 0x00007ffe9b1ef000 	C:\Windows\SYSTEM32\cfgmgr32.dll
0x00007ffe99b30000 - 0x00007ffe99b58000 	C:\Windows\SYSTEM32\DEVOBJ.dll
0x00007ffe97f70000 - 0x00007ffe97f7f000 	C:\Program Files\Android\Android Studio\jre\jre\bin\verify.dll
0x00007ffe81af0000 - 0x00007ffe81b19000 	C:\Program Files\Android\Android Studio\jre\jre\bin\java.dll
0x00007ffe819e0000 - 0x00007ffe819f6000 	C:\Program Files\Android\Android Studio\jre\jre\bin\zip.dll
0x00007ffe9c410000 - 0x00007ffe9d938000 	C:\Windows\system32\SHELL32.dll
0x00007ffe9be70000 - 0x00007ffe9c081000 	C:\Windows\SYSTEM32\combase.dll
0x00007ffe9d940000 - 0x00007ffe9d994000 	C:\Windows\system32\SHLWAPI.dll
0x00007ffe99240000 - 0x00007ffe992f2000 	C:\Windows\SYSTEM32\SHCORE.dll
0x00007ffe9acf0000 - 0x00007ffe9ad05000 	C:\Windows\SYSTEM32\profapi.dll

VM Arguments:
jvm_args: -Djava.awt.headless=true -Xmx1024M -Dfile.encoding=windows-1252 -Duser.country=US -Duser.language=en -Duser.variant 
java_command: com.android.dx.command.Main --dex --force-jumbo --num-threads=4 --multi-dex --output D:\Users\GitHub\fp_team_17\Echo\app\build\intermediates\transforms\dex\debug\folders\1000\10\firebase-client-android-2.5.0_8196677c6f1c72aa106bcde1060c36232cbc1f98 C:\Users\riptide651\.gradle\caches\modules-2\files-2.1\com.firebase\firebase-client-android\2.5.0\7d0473896b3b10b23a2f9812fec4316dff8afdd\firebase-client-android-2.5.0.jar
java_class_path (initial): C:\Users\riptide651\AppData\Local\Android\sdk\build-tools\23.0.1\lib\dx.jar
Launcher Type: SUN_STANDARD

Environment Variables:
PATH=C:\Program Files (x86)\NVIDIA Corporation\PhysX\Common;C:\ProgramData\Oracle\Java\javapath;C:\Windows\system32;C:\Windows;C:\Windows\System32\Wbem;C:\Windows\System32\WindowsPowerShell\v1.0\;C:\Program Files\Intel\WiFi\bin\;C:\Program Files\Common Files\Intel\WirelessCommon\;C:\Program Files (x86)\Skype\Phone\;C:\Program Files\Perforce;C:\Program Files\Microsoft\Web Platform Installer\;C:\Program Files (x86)\Microsoft ASP.NET\ASP.NET Web Pages\v1.0\;C:\Program Files\Microsoft SQL Server\110\Tools\Binn\;C:\Program Files (x86)\Microsoft SQL Server\100\Tools\Binn\;C:\Program Files\Microsoft SQL Server\100\Tools\Binn\;C:\Program Files\Microsoft SQL Server\100\DTS\Binn\;C:\Windows\system32\config\systemprofile\.dnx\bin;C:\Program Files\Microsoft DNX\Dnvm\;C:\Program Files (x86)\Windows Kits\8.1\Windows Performance Toolkit\;C:\Program Files\Microsoft SQL Server\130\Tools\Binn\;C:\Program Files\Intel\WiFi\bin\;C:\Program Files\Common Files\Intel\WirelessCommon\
USERNAME=riptide651
OS=Windows_NT
PROCESSOR_IDENTIFIER=Intel64 Family 6 Model 60 Stepping 3, GenuineIntel



---------------  S Y S T E M  ---------------

OS: Windows 8.1 , 64 bit Build 9600 (6.3.9600.17415)

CPU:total 4 (4 cores per cpu, 1 threads per core) family 6 model 60 stepping 3, cmov, cx8, fxsr, mmx, sse, sse2, sse3, ssse3, sse4.1, sse4.2, popcnt, avx, avx2, aes, clmul, erms, lzcnt, tsc, tscinvbit, bmi1, bmi2

Memory: 4k page, physical 16648568k(3433084k free), swap 19794296k(4260k free)

vm_info: OpenJDK 64-Bit Server VM (25.76-b03) for windows-amd64 JRE (1.8.0_76-release-b03), built on Jun 29 2016 19:09:20 by "ralucas" with MS VC++ 10.0 (VS2010)

time: Sun Nov 13 22:27:09 2016
elapsed time: 2 seconds (0d 0h 0m 2s)

