#
# There is insufficient memory for the Java Runtime Environment to continue.
# Native memory allocation (malloc) failed to allocate 102576 bytes for Chunk::new
# Possible reasons:
#   The system is out of physical RAM or swap space
#   In 32 bit mode, the process size limit was hit
# Possible solutions:
#   Reduce memory load on the system
#   Increase physical memory or swap space
#   Check if swap backing store is full
#   Use 64 bit Java on a 64 bit OS
#   Decrease Java heap size (-Xmx/-Xms)
#   Decrease number of Java threads
#   Decrease Java thread stack sizes (-Xss)
#   Set larger code cache with -XX:ReservedCodeCacheSize=
# This output file may be truncated or incomplete.
#
#  Out of Memory Error (allocation.cpp:390), pid=57184, tid=0x000000000000eb6c
#
# JRE version: OpenJDK Runtime Environment (8.0_76-b03) (build 1.8.0_76-release-b03)
# Java VM: OpenJDK 64-Bit Server VM (25.76-b03 mixed mode windows-amd64 compressed oops)
# Failed to write core dump. Minidumps are not enabled by default on client versions of Windows
#

---------------  T H R E A D  ---------------

Current thread (0x00000000149f6800):  JavaThread "C2 CompilerThread1" daemon [_thread_in_native, id=60268, stack(0x00000000161e0000,0x00000000162e0000)]

Stack: [0x00000000161e0000,0x00000000162e0000]
[error occurred during error reporting (printing stack bounds), id 0xc0000005]

Native frames: (J=compiled Java code, j=interpreted, Vv=VM code, C=native code)


Current CompileTask:
C2:   2164  725   !   4       com.android.dx.rop.code.RegisterSpec::intern (70 bytes)


---------------  P R O C E S S  ---------------

Java Threads: ( => current thread )
  0x0000000016659800 JavaThread "pool-2-thread-4" [_thread_in_Java, id=59724, stack(0x0000000016de0000,0x0000000016ee0000)]
  0x0000000016658000 JavaThread "pool-2-thread-3" [_thread_blocked, id=59500, stack(0x0000000016ce0000,0x0000000016de0000)]
  0x0000000016653000 JavaThread "pool-2-thread-2" [_thread_in_Java, id=59572, stack(0x0000000016be0000,0x0000000016ce0000)]
  0x000000001664e800 JavaThread "pool-3-thread-1" [_thread_blocked, id=59684, stack(0x0000000016ae0000,0x0000000016be0000)]
  0x000000001664e000 JavaThread "pool-2-thread-1" [_thread_in_Java, id=59980, stack(0x00000000169e0000,0x0000000016ae0000)]
  0x00000000149fc800 JavaThread "Service Thread" daemon [_thread_blocked, id=60304, stack(0x00000000167e0000,0x00000000168e0000)]
  0x00000000149f9800 JavaThread "C1 CompilerThread2" daemon [_thread_in_native, id=59884, stack(0x00000000162e0000,0x00000000163e0000)]
=>0x00000000149f6800 JavaThread "C2 CompilerThread1" daemon [_thread_in_native, id=60268, stack(0x00000000161e0000,0x00000000162e0000)]
  0x00000000149a7000 JavaThread "C2 CompilerThread0" daemon [_thread_in_native, id=60252, stack(0x00000000160e0000,0x00000000161e0000)]
  0x00000000149a5800 JavaThread "Attach Listener" daemon [_thread_blocked, id=59396, stack(0x0000000015fe0000,0x00000000160e0000)]
  0x00000000149a4800 JavaThread "Signal Dispatcher" daemon [_thread_blocked, id=59944, stack(0x0000000015ee0000,0x0000000015fe0000)]
  0x00000000022c5800 JavaThread "Finalizer" daemon [_thread_blocked, id=55460, stack(0x0000000015bf0000,0x0000000015cf0000)]
  0x00000000022c0800 JavaThread "Reference Handler" daemon [_thread_blocked, id=59752, stack(0x0000000015af0000,0x0000000015bf0000)]
  0x00000000021cd800 JavaThread "main" [_thread_in_Java, id=59536, stack(0x0000000002050000,0x0000000002150000)]

Other Threads:
  0x0000000014965800 VMThread [stack: 0x00000000159f0000,0x0000000015af0000] [id=60124]
  0x00000000163e0800 WatcherThread [stack: 0x00000000168e0000,0x00000000169e0000] [id=59952]

VM state:not at safepoint (normal execution)

VM Mutex/Monitor currently owned by a thread: None

Heap:
 PSYoungGen      total 76288K, used 20990K [0x00000000eab00000, 0x00000000f0000000, 0x0000000100000000)
  eden space 65536K, 32% used [0x00000000eab00000,0x00000000ebf7fb50,0x00000000eeb00000)
  from space 10752K, 0% used [0x00000000ef580000,0x00000000ef580000,0x00000000f0000000)
  to   space 10752K, 0% used [0x00000000eeb00000,0x00000000eeb00000,0x00000000ef580000)
 ParOldGen       total 175104K, used 0K [0x00000000c0000000, 0x00000000cab00000, 0x00000000eab00000)
  object space 175104K, 0% used [0x00000000c0000000,0x00000000c0000000,0x00000000cab00000)
 Metaspace       used 5605K, capacity 6704K, committed 6784K, reserved 1056768K
  class space    used 567K, capacity 616K, committed 640K, reserved 1048576K

Card table byte_map: [0x0000000011690000,0x00000000118a0000] byte_map_base: 0x0000000011090000

Marking Bits: (ParMarkBitMap*) 0x0000000067c89d00
 Begin Bits: [0x0000000011e00000, 0x0000000012e00000)
 End Bits:   [0x0000000012e00000, 0x0000000013e00000)

Polling page: 0x0000000002150000

CodeCache: size=245760Kb used=3034Kb max_used=3034Kb free=242725Kb
 bounds [0x00000000022d0000, 0x00000000025d0000, 0x00000000112d0000]
 total_blobs=991 nmethods=724 adapters=181
 compilation: enabled

Compilation events (10 events):
Event: 2.163 Thread 0x00000000149f9800 nmethod 671 0x00000000025c43d0 code [0x00000000025c45e0, 0x00000000025c4fc8]
Event: 2.163 Thread 0x00000000149f9800  628       3       com.android.dx.ssa.Dominators$DFSInfo::<init> (16 bytes)
Event: 2.163 Thread 0x00000000149f9800 nmethod 628 0x00000000025ac390 code [0x00000000025ac520, 0x00000000025ac8d0]
Event: 2.163 Thread 0x00000000149f9800  659       3       com.android.dx.util.BitIntSet::iterator (9 bytes)
Event: 2.163 Thread 0x00000000149f9800 nmethod 659 0x00000000025c5550 code [0x00000000025c56c0, 0x00000000025c5988]
Event: 2.163 Thread 0x00000000149f9800  660       3       com.android.dx.util.BitIntSet$1::<init> (25 bytes)
Event: 2.163 Thread 0x00000000149f9800 nmethod 660 0x00000000025c5ad0 code [0x00000000025c5c40, 0x00000000025c5e68]
Event: 2.163 Thread 0x00000000149f9800  715       3       com.android.dx.ssa.SsaBasicBlock::exitBlockFixup (58 bytes)
Event: 2.163 Thread 0x00000000149f9800 nmethod 715 0x00000000025c5f50 code [0x00000000025c60e0, 0x00000000025c64c8]
Event: 2.163 Thread 0x00000000149f9800  709       3       com.android.dx.ssa.LiteralOpUpgrader::access$000 (6 bytes)

GC Heap History (0 events):
No events

Deoptimization events (1 events):
Event: 2.152 Thread 0x0000000016659800 Uncommon trap: reason=bimorphic action=maybe_recompile pc=0x00000000024f552c method=java.util.HashMap.getNode(ILjava/lang/Object;)Ljava/util/HashMap$Node; @ 126

Internal exceptions (2 events):
Event: 0.057 Thread 0x00000000021cd800 Exception <a 'java/lang/NoSuchMethodError': Method sun.misc.Unsafe.defineClass(Ljava/lang/String;[BII)Ljava/lang/Class; name or signature does not match> (0x00000000eab07cc0) thrown at [C:\src\android\AOSP-openjdk\external\jetbrains\jdk\hotspot\src\share\v*«åéPf­?
Event: 0.057 Thread 0x00000000021cd800 Exception <a 'java/lang/NoSuchMethodError': Method sun.misc.Unsafe.prefetchRead(Ljava/lang/Object;J)V name or signature does not match> (0x00000000eab07fa8) thrown at [C:\src\android\AOSP-openjdk\external\jetbrains\jdk\hotspot\src\share\vm\prims\jni.cpp, l

Events (10 events):
Event: 2.133 loading class com/android/dx/dex/file/MethodAnnotationStruct done
Event: 2.135 loading class java/util/HashMap$Values
Event: 2.135 loading class java/util/HashMap$Values done
Event: 2.135 loading class java/util/HashMap$ValueIterator
Event: 2.135 loading class java/util/HashMap$ValueIterator done
Event: 2.152 Thread 0x0000000016659800 Uncommon trap: trap_request=0xffffffc6 fr.pc=0x00000000024f552c
Event: 2.152 Thread 0x0000000016659800 DEOPT PACKING pc=0x00000000024f552c sp=0x0000000016ede870
Event: 2.152 Thread 0x0000000016659800 DEOPT UNPACKING pc=0x000000000231556a sp=0x0000000016ede798 mode 2
Event: 2.152 Executing VM operation: ForceSafepoint
Event: 2.159 Executing VM operation: ForceSafepoint done


Dynamic libraries:
0x00007ff7cc380000 - 0x00007ff7cc3b1000 	C:\Program Files\Android\Android Studio\jre\bin\java.exe
0x00007ffe9dbd0000 - 0x00007ffe9dd7d000 	C:\Windows\SYSTEM32\ntdll.dll
0x00007ffe9b8e0000 - 0x00007ffe9ba1e000 	C:\Windows\system32\KERNEL32.DLL
0x00007ffe9b080000 - 0x00007ffe9b195000 	C:\Windows\system32\KERNELBASE.dll
0x00007ffe9b670000 - 0x00007ffe9b71a000 	C:\Windows\system32\ADVAPI32.dll
0x00007ffe9bcf0000 - 0x00007ffe9be67000 	C:\Windows\system32\USER32.dll
0x00007ffe98df0000 - 0x00007ffe9906a000 	C:\Windows\WinSxS\amd64_microsoft.windows.common-controls_6595b64144ccf1df_6.0.9600.17810_none_6240b9c7ecbd0bda\COMCTL32.dll
0x00007ffe9c2c0000 - 0x00007ffe9c36a000 	C:\Windows\system32\msvcrt.dll
0x00007ffe9c370000 - 0x00007ffe9c3c9000 	C:\Windows\SYSTEM32\sechost.dll
0x00007ffe9da90000 - 0x00007ffe9dbd0000 	C:\Windows\system32\RPCRT4.dll
0x00007ffe9b720000 - 0x00007ffe9b86f000 	C:\Windows\system32\GDI32.dll
0x00007ffe9b050000 - 0x00007ffe9b07e000 	C:\Windows\system32\SspiCli.dll
0x00007ffe9c3d0000 - 0x00007ffe9c406000 	C:\Windows\system32\IMM32.DLL
0x00007ffe9c090000 - 0x00007ffe9c1e2000 	C:\Windows\system32\MSCTF.dll
0x00000000673f0000 - 0x00000000674c2000 	C:\Program Files\Android\Android Studio\jre\jre\bin\msvcr100.dll
0x00000000674d0000 - 0x0000000067d04000 	C:\Program Files\Android\Android Studio\jre\jre\bin\server\jvm.dll
0x00007ffe920d0000 - 0x00007ffe920d9000 	C:\Windows\SYSTEM32\WSOCK32.dll
0x00007ffe97fe0000 - 0x00007ffe98002000 	C:\Windows\SYSTEM32\WINMM.dll
0x00007ffe98070000 - 0x00007ffe9807a000 	C:\Windows\SYSTEM32\VERSION.dll
0x00007ffe9da70000 - 0x00007ffe9da77000 	C:\Windows\system32\PSAPI.DLL
0x00007ffe9b880000 - 0x00007ffe9b8da000 	C:\Windows\system32\WS2_32.dll
0x00007ffe97fb0000 - 0x00007ffe97fda000 	C:\Windows\SYSTEM32\WINMMBASE.dll
0x00007ffe9b870000 - 0x00007ffe9b879000 	C:\Windows\system32\NSI.dll
0x00007ffe9b1a0000 - 0x00007ffe9b1ef000 	C:\Windows\SYSTEM32\cfgmgr32.dll
0x00007ffe99b30000 - 0x00007ffe99b58000 	C:\Windows\SYSTEM32\DEVOBJ.dll
0x00007ffe97f70000 - 0x00007ffe97f7f000 	C:\Program Files\Android\Android Studio\jre\jre\bin\verify.dll
0x00007ffe81af0000 - 0x00007ffe81b19000 	C:\Program Files\Android\Android Studio\jre\jre\bin\java.dll
0x00007ffe819e0000 - 0x00007ffe819f6000 	C:\Program Files\Android\Android Studio\jre\jre\bin\zip.dll
0x00007ffe9c410000 - 0x00007ffe9d938000 	C:\Windows\system32\SHELL32.dll
0x00007ffe9be70000 - 0x00007ffe9c081000 	C:\Windows\SYSTEM32\combase.dll
0x00007ffe9d940000 - 0x00007ffe9d994000 	C:\Windows\system32\SHLWAPI.dll
0x00007ffe99240000 - 0x00007ffe992f2000 	C:\Windows\SYSTEM32\SHCORE.dll
0x00007ffe9acf0000 - 0x00007ffe9ad05000 	C:\Windows\SYSTEM32\profapi.dll

VM Arguments:
jvm_args: -Djava.awt.headless=true -Xmx1024M -Dfile.encoding=windows-1252 -Duser.country=US -Duser.language=en -Duser.variant 
java_command: com.android.dx.command.Main --dex --force-jumbo --num-threads=4 --multi-dex --output D:\Users\GitHub\fp_team_17\Echo\app\build\intermediates\transforms\dex\debug\folders\1000\10\com.google.android.gms-play-services-basement-9.8.0_af6c4dcb39b5bcb0bfece216082ae51051f650c9 D:\Users\GitHub\fp_team_17\Echo\app\build\intermediates\exploded-aar\com.google.android.gms\play-services-basement\9.8.0\jars\classes.jar
java_class_path (initial): C:\Users\riptide651\AppData\Local\Android\sdk\build-tools\23.0.1\lib\dx.jar
Launcher Type: SUN_STANDARD

Environment Variables:
PATH=C:\Program Files (x86)\NVIDIA Corporation\PhysX\Common;C:\ProgramData\Oracle\Java\javapath;C:\Windows\system32;C:\Windows;C:\Windows\System32\Wbem;C:\Windows\System32\WindowsPowerShell\v1.0\;C:\Program Files\Intel\WiFi\bin\;C:\Program Files\Common Files\Intel\WirelessCommon\;C:\Program Files (x86)\Skype\Phone\;C:\Program Files\Perforce;C:\Program Files\Microsoft\Web Platform Installer\;C:\Program Files (x86)\Microsoft ASP.NET\ASP.NET Web Pages\v1.0\;C:\Program Files\Microsoft SQL Server\110\Tools\Binn\;C:\Program Files (x86)\Microsoft SQL Server\100\Tools\Binn\;C:\Program Files\Microsoft SQL Server\100\Tools\Binn\;C:\Program Files\Microsoft SQL Server\100\DTS\Binn\;C:\Windows\system32\config\systemprofile\.dnx\bin;C:\Program Files\Microsoft DNX\Dnvm\;C:\Program Files (x86)\Windows Kits\8.1\Windows Performance Toolkit\;C:\Program Files\Microsoft SQL Server\130\Tools\Binn\;C:\Program Files\Intel\WiFi\bin\;C:\Program Files\Common Files\Intel\WirelessCommon\
USERNAME=riptide651
OS=Windows_NT
PROCESSOR_IDENTIFIER=Intel64 Family 6 Model 60 Stepping 3, GenuineIntel



---------------  S Y S T E M  ---------------

OS: Windows 8.1 , 64 bit Build 9600 (6.3.9600.17415)

CPU:total 4 (4 cores per cpu, 1 threads per core) family 6 model 60 stepping 3, cmov, cx8, fxsr, mmx, sse, sse2, sse3, ssse3, sse4.1, sse4.2, popcnt, avx, avx2, aes, clmul, erms, lzcnt, tsc, tscinvbit, bmi1, bmi2

Memory: 4k page, physical 16648568k(3377776k free), swap 19794296k(5088k free)

vm_info: OpenJDK 64-Bit Server VM (25.76-b03) for windows-amd64 JRE (1.8.0_76-release-b03), built on Jun 29 2016 19:09:20 by "ralucas" with MS VC++ 10.0 (VS2010)

time: Sun Nov 13 22:27:09 2016
elapsed time: 2 seconds (0d 0h 0m 2s)

